Determining if the pthread_create exist failed with the following output:
Change Dir: /home/sis/catkin_ws/src/mecanum_wheels/catkin_ws/build/CMakeFiles/CMakeTmp

Run Build Command:"/usr/bin/make" "cmTC_080af/fast"
/usr/bin/make -f CMakeFiles/cmTC_080af.dir/build.make CMakeFiles/cmTC_080af.dir/build
make[1]: Entering directory '/home/sis/catkin_ws/src/mecanum_wheels/catkin_ws/build/CMakeFiles/CMakeTmp'
Building C object CMakeFiles/cmTC_080af.dir/CheckSymbolExists.c.o
/usr/bin/cc     -o CMakeFiles/cmTC_080af.dir/CheckSymbolExists.c.o   -c /home/sis/catkin_ws/src/mecanum_wheels/catkin_ws/build/CMakeFiles/CMakeTmp/CheckSymbolExists.c
Linking C executable cmTC_080af
/usr/bin/cmake -E cmake_link_script CMakeFiles/cmTC_080af.dir/link.txt --verbose=1
/usr/bin/cc       CMakeFiles/cmTC_080af.dir/CheckSymbolExists.c.o  -o cmTC_080af -rdynamic 
CMakeFiles/cmTC_080af.dir/CheckSymbolExists.c.o: In function `main':
CheckSymbolExists.c:(.text+0xe): undefined reference to `pthread_create'
CheckSymbolExists.c:(.text+0x12): undefined reference to `pthread_create'
collect2: error: ld returned 1 exit status
CMakeFiles/cmTC_080af.dir/build.make:97: recipe for target 'cmTC_080af' failed
make[1]: *** [cmTC_080af] Error 1
make[1]: Leaving directory '/home/sis/catkin_ws/src/mecanum_wheels/catkin_ws/build/CMakeFiles/CMakeTmp'
Makefile:126: recipe for target 'cmTC_080af/fast' failed
make: *** [cmTC_080af/fast] Error 2

File /home/sis/catkin_ws/src/mecanum_wheels/catkin_ws/build/CMakeFiles/CMakeTmp/CheckSymbolExists.c:
/* */
#include <pthread.h>

int main(int argc, char** argv)
{
  (void)argv;
#ifndef pthread_create
  return ((int*)(&pthread_create))[argc];
#else
  (void)argc;
  return 0;
#endif
}

Determining if the function pthread_create exists in the pthreads failed with the following output:
Change Dir: /home/sis/catkin_ws/src/mecanum_wheels/catkin_ws/build/CMakeFiles/CMakeTmp

Run Build Command:"/usr/bin/make" "cmTC_9ce17/fast"
/usr/bin/make -f CMakeFiles/cmTC_9ce17.dir/build.make CMakeFiles/cmTC_9ce17.dir/build
make[1]: Entering directory '/home/sis/catkin_ws/src/mecanum_wheels/catkin_ws/build/CMakeFiles/CMakeTmp'
Building C object CMakeFiles/cmTC_9ce17.dir/CheckFunctionExists.c.o
/usr/bin/cc    -DCHECK_FUNCTION_EXISTS=pthread_create   -o CMakeFiles/cmTC_9ce17.dir/CheckFunctionExists.c.o   -c /usr/share/cmake-3.5/Modules/CheckFunctionExists.c
Linking C executable cmTC_9ce17
/usr/bin/cmake -E cmake_link_script CMakeFiles/cmTC_9ce17.dir/link.txt --verbose=1
/usr/bin/cc   -DCHECK_FUNCTION_EXISTS=pthread_create    CMakeFiles/cmTC_9ce17.dir/CheckFunctionExists.c.o  -o cmTC_9ce17 -rdynamic -lpthreads 
/usr/bin/ld: cannot find -lpthreads
collect2: error: ld returned 1 exit status
CMakeFiles/cmTC_9ce17.dir/build.make:97: recipe for target 'cmTC_9ce17' failed
make[1]: *** [cmTC_9ce17] Error 1
make[1]: Leaving directory '/home/sis/catkin_ws/src/mecanum_wheels/catkin_ws/build/CMakeFiles/CMakeTmp'
Makefile:126: recipe for target 'cmTC_9ce17/fast' failed
make: *** [cmTC_9ce17/fast] Error 2


